Compiling the C compiler identification source file "CMakeCCompilerId.c" failed.
Compiler: /Applications/Xcode.app/Contents/Developer/Toolchains/XcodeDefault.xctoolchain/usr/bin/cc 
Build flags: 
Id flags:  

The output was:
1
ld: library not found for -lSystem
clang: error: linker command failed with exit code 1 (use -v to see invocation)


Compiling the CXX compiler identification source file "CMakeCXXCompilerId.cpp" failed.
Compiler: /Applications/Xcode.app/Contents/Developer/Toolchains/XcodeDefault.xctoolchain/usr/bin/c++ 
Build flags: 
Id flags:  

The output was:
1
ld: library not found for -lc++
clang: error: linker command failed with exit code 1 (use -v to see invocation)


Determining if the CL_VERSION_2_2 exist failed with the following output:
Change Dir: /Users/liangchen/CLionProjects/crenderer/cmake-build-debug/CMakeFiles/CMakeTmp

Run Build Command(s):/Applications/CLion.app/Contents/bin/ninja/mac/ninja cmTC_82d1a && [1/2] Building C object CMakeFiles/cmTC_82d1a.dir/CheckSymbolExists.c.o
[31mFAILED: [0mCMakeFiles/cmTC_82d1a.dir/CheckSymbolExists.c.o 
/Applications/Xcode.app/Contents/Developer/Toolchains/XcodeDefault.xctoolchain/usr/bin/cc  -F/Applications/Xcode.app/Contents/Developer/Platforms/MacOSX.platform/Developer/SDKs/MacOSX12.1.sdk/System/Library/Frameworks -isysroot /Applications/Xcode.app/Contents/Developer/Platforms/MacOSX.platform/Developer/SDKs/MacOSX12.1.sdk -mmacosx-version-min=11.4 -MD -MT CMakeFiles/cmTC_82d1a.dir/CheckSymbolExists.c.o -MF CMakeFiles/cmTC_82d1a.dir/CheckSymbolExists.c.o.d -o CMakeFiles/cmTC_82d1a.dir/CheckSymbolExists.c.o -c /Users/liangchen/CLionProjects/crenderer/cmake-build-debug/CMakeFiles/CMakeTmp/CheckSymbolExists.c
/Users/liangchen/CLionProjects/crenderer/cmake-build-debug/CMakeFiles/CMakeTmp/CheckSymbolExists.c:8:19: error: use of undeclared identifier 'CL_VERSION_2_2'
  return ((int*)(&CL_VERSION_2_2))[argc];
                  ^
1 error generated.
ninja: build stopped: subcommand failed.


File /Users/liangchen/CLionProjects/crenderer/cmake-build-debug/CMakeFiles/CMakeTmp/CheckSymbolExists.c:
/* */
#include </Applications/Xcode.app/Contents/Developer/Platforms/MacOSX.platform/Developer/SDKs/MacOSX12.1.sdk/System/Library/Frameworks/OpenCL.framework/Headers/cl.h>

int main(int argc, char** argv)
{
  (void)argv;
#ifndef CL_VERSION_2_2
  return ((int*)(&CL_VERSION_2_2))[argc];
#else
  (void)argc;
  return 0;
#endif
}
Determining if the CL_VERSION_2_1 exist failed with the following output:
Change Dir: /Users/liangchen/CLionProjects/crenderer/cmake-build-debug/CMakeFiles/CMakeTmp

Run Build Command(s):/Applications/CLion.app/Contents/bin/ninja/mac/ninja cmTC_c5be7 && [1/2] Building C object CMakeFiles/cmTC_c5be7.dir/CheckSymbolExists.c.o
[31mFAILED: [0mCMakeFiles/cmTC_c5be7.dir/CheckSymbolExists.c.o 
/Applications/Xcode.app/Contents/Developer/Toolchains/XcodeDefault.xctoolchain/usr/bin/cc  -F/Applications/Xcode.app/Contents/Developer/Platforms/MacOSX.platform/Developer/SDKs/MacOSX12.1.sdk/System/Library/Frameworks -isysroot /Applications/Xcode.app/Contents/Developer/Platforms/MacOSX.platform/Developer/SDKs/MacOSX12.1.sdk -mmacosx-version-min=11.4 -MD -MT CMakeFiles/cmTC_c5be7.dir/CheckSymbolExists.c.o -MF CMakeFiles/cmTC_c5be7.dir/CheckSymbolExists.c.o.d -o CMakeFiles/cmTC_c5be7.dir/CheckSymbolExists.c.o -c /Users/liangchen/CLionProjects/crenderer/cmake-build-debug/CMakeFiles/CMakeTmp/CheckSymbolExists.c
/Users/liangchen/CLionProjects/crenderer/cmake-build-debug/CMakeFiles/CMakeTmp/CheckSymbolExists.c:8:19: error: use of undeclared identifier 'CL_VERSION_2_1'
  return ((int*)(&CL_VERSION_2_1))[argc];
                  ^
1 error generated.
ninja: build stopped: subcommand failed.


File /Users/liangchen/CLionProjects/crenderer/cmake-build-debug/CMakeFiles/CMakeTmp/CheckSymbolExists.c:
/* */
#include </Applications/Xcode.app/Contents/Developer/Platforms/MacOSX.platform/Developer/SDKs/MacOSX12.1.sdk/System/Library/Frameworks/OpenCL.framework/Headers/cl.h>

int main(int argc, char** argv)
{
  (void)argv;
#ifndef CL_VERSION_2_1
  return ((int*)(&CL_VERSION_2_1))[argc];
#else
  (void)argc;
  return 0;
#endif
}
Determining if the CL_VERSION_2_0 exist failed with the following output:
Change Dir: /Users/liangchen/CLionProjects/crenderer/cmake-build-debug/CMakeFiles/CMakeTmp

Run Build Command(s):/Applications/CLion.app/Contents/bin/ninja/mac/ninja cmTC_05f05 && [1/2] Building C object CMakeFiles/cmTC_05f05.dir/CheckSymbolExists.c.o
[31mFAILED: [0mCMakeFiles/cmTC_05f05.dir/CheckSymbolExists.c.o 
/Applications/Xcode.app/Contents/Developer/Toolchains/XcodeDefault.xctoolchain/usr/bin/cc  -F/Applications/Xcode.app/Contents/Developer/Platforms/MacOSX.platform/Developer/SDKs/MacOSX12.1.sdk/System/Library/Frameworks -isysroot /Applications/Xcode.app/Contents/Developer/Platforms/MacOSX.platform/Developer/SDKs/MacOSX12.1.sdk -mmacosx-version-min=11.4 -MD -MT CMakeFiles/cmTC_05f05.dir/CheckSymbolExists.c.o -MF CMakeFiles/cmTC_05f05.dir/CheckSymbolExists.c.o.d -o CMakeFiles/cmTC_05f05.dir/CheckSymbolExists.c.o -c /Users/liangchen/CLionProjects/crenderer/cmake-build-debug/CMakeFiles/CMakeTmp/CheckSymbolExists.c
/Users/liangchen/CLionProjects/crenderer/cmake-build-debug/CMakeFiles/CMakeTmp/CheckSymbolExists.c:8:19: error: use of undeclared identifier 'CL_VERSION_2_0'
  return ((int*)(&CL_VERSION_2_0))[argc];
                  ^
1 error generated.
ninja: build stopped: subcommand failed.


File /Users/liangchen/CLionProjects/crenderer/cmake-build-debug/CMakeFiles/CMakeTmp/CheckSymbolExists.c:
/* */
#include </Applications/Xcode.app/Contents/Developer/Platforms/MacOSX.platform/Developer/SDKs/MacOSX12.1.sdk/System/Library/Frameworks/OpenCL.framework/Headers/cl.h>

int main(int argc, char** argv)
{
  (void)argv;
#ifndef CL_VERSION_2_0
  return ((int*)(&CL_VERSION_2_0))[argc];
#else
  (void)argc;
  return 0;
#endif
}
